<?xml version="1.0" encoding="utf-8"?>
<TestRun id="20416310-e95d-4eae-93b0-67391f787751" name="@Brandons-MacBook-Pro 2025-10-03 14:19:21" xmlns="http://microsoft.com/schemas/VisualStudio/TeamTest/2010">
  <Times creation="2025-10-03T14:19:21.6242970-05:00" queuing="2025-10-03T14:19:21.6242970-05:00" start="2025-10-03T14:19:20.8474560-05:00" finish="2025-10-03T14:19:21.6282710-05:00" />
  <TestSettings name="default" id="dee28a3a-d064-4723-abfc-ab1e049063b6">
    <Deployment runDeploymentRoot="_Brandons-MacBook-Pro_2025-10-03_14_19_21" />
  </TestSettings>
  <Results>
    <UnitTestResult executionId="9a0fd031-d4de-434e-82f3-1c246541f888" testId="6441b91d-8985-9634-f828-03af0ba3aace" testName="Harvestry.Telemetry.IntegrationTests.AlertEvaluationTests.ThresholdAbove_FiresAndAcknowledgesAlert" computerName="Brandons-MacBook-Pro" duration="00:00:00.0010000" startTime="2025-10-03T14:19:21.5393750-05:00" endTime="2025-10-03T14:19:21.5393860-05:00" testType="13cdc9d9-ddb5-4fa4-a97d-d965ccfc6d4b" outcome="Failed" testListId="8c84fa94-04c1-424b-9868-57a2d4851a1d" relativeResultsDirectory="9a0fd031-d4de-434e-82f3-1c246541f888">
      <Output>
        <ErrorInfo>
          <Message>Npgsql.PostgresException : 42704: role "authenticated" does not exist</Message>
          <StackTrace>   at Npgsql.Internal.NpgsqlConnector.ReadMessageLong(Boolean async, DataRowLoadingMode dataRowLoadingMode, Boolean readingNotifications, Boolean isReadingPrependedMessage)
   at System.Runtime.CompilerServices.PoolingAsyncValueTaskMethodBuilder`1.StateMachineBox`1.System.Threading.Tasks.Sources.IValueTaskSource&lt;TResult&gt;.GetResult(Int16 token)
   at Npgsql.NpgsqlDataReader.NextResult(Boolean async, Boolean isConsuming, CancellationToken cancellationToken)
   at Npgsql.NpgsqlDataReader.NextResult(Boolean async, Boolean isConsuming, CancellationToken cancellationToken)
   at Npgsql.NpgsqlCommand.ExecuteReader(Boolean async, CommandBehavior behavior, CancellationToken cancellationToken)
   at Npgsql.NpgsqlCommand.ExecuteReader(Boolean async, CommandBehavior behavior, CancellationToken cancellationToken)
   at Npgsql.NpgsqlCommand.ExecuteNonQuery(Boolean async, CancellationToken cancellationToken)
   at Harvestry.Telemetry.IntegrationTests.IntegrationTestBase.RunMigrationFilesAsync(NpgsqlConnection connection, String folder) in /Users/brandonburnette/Downloads/Harvestry_App/tests/backend/services/telemetry-controls/telemetry/TelemetryIntegrationTests/IntegrationTestBase.cs:line 178
   at Harvestry.Telemetry.IntegrationTests.IntegrationTestBase.RunMigrationFilesAsync(NpgsqlConnection connection, String folder) in /Users/brandonburnette/Downloads/Harvestry_App/tests/backend/services/telemetry-controls/telemetry/TelemetryIntegrationTests/IntegrationTestBase.cs:line 178
   at Harvestry.Telemetry.IntegrationTests.IntegrationTestBase.EnsureTelemetrySchemaAsync(NpgsqlConnection connection) in /Users/brandonburnette/Downloads/Harvestry_App/tests/backend/services/telemetry-controls/telemetry/TelemetryIntegrationTests/IntegrationTestBase.cs:line 150
   at Harvestry.Telemetry.IntegrationTests.IntegrationTestBase.EnsureTelemetrySchemaAsync(NpgsqlConnection connection) in /Users/brandonburnette/Downloads/Harvestry_App/tests/backend/services/telemetry-controls/telemetry/TelemetryIntegrationTests/IntegrationTestBase.cs:line 156
   at Harvestry.Telemetry.IntegrationTests.IntegrationTestBase.InitializeAsync() in /Users/brandonburnette/Downloads/Harvestry_App/tests/backend/services/telemetry-controls/telemetry/TelemetryIntegrationTests/IntegrationTestBase.cs:line 106
   at Harvestry.Telemetry.IntegrationTests.IntegrationTestBase.InitializeAsync() in /Users/brandonburnette/Downloads/Harvestry_App/tests/backend/services/telemetry-controls/telemetry/TelemetryIntegrationTests/IntegrationTestBase.cs:line 106</StackTrace>
        </ErrorInfo>
      </Output>
    </UnitTestResult>
    <UnitTestResult executionId="7d99b21a-5d6d-4ae0-aff4-d6bdc7fce5ce" testId="599562c5-0889-c728-1b8c-8a0a35dcd744" testName="Harvestry.Telemetry.IntegrationTests.IngestionAndRollupTests.IngestBatch_PersistsRawReadings_And_RollupsQueryable" computerName="Brandons-MacBook-Pro" duration="00:00:00.0010000" startTime="2025-10-03T14:19:21.5657950-05:00" endTime="2025-10-03T14:19:21.5657950-05:00" testType="13cdc9d9-ddb5-4fa4-a97d-d965ccfc6d4b" outcome="Failed" testListId="8c84fa94-04c1-424b-9868-57a2d4851a1d" relativeResultsDirectory="7d99b21a-5d6d-4ae0-aff4-d6bdc7fce5ce">
      <Output>
        <ErrorInfo>
          <Message>Npgsql.PostgresException : 42704: role "authenticated" does not exist</Message>
          <StackTrace>   at Npgsql.Internal.NpgsqlConnector.ReadMessageLong(Boolean async, DataRowLoadingMode dataRowLoadingMode, Boolean readingNotifications, Boolean isReadingPrependedMessage)
   at System.Runtime.CompilerServices.PoolingAsyncValueTaskMethodBuilder`1.StateMachineBox`1.System.Threading.Tasks.Sources.IValueTaskSource&lt;TResult&gt;.GetResult(Int16 token)
   at Npgsql.NpgsqlDataReader.NextResult(Boolean async, Boolean isConsuming, CancellationToken cancellationToken)
   at Npgsql.NpgsqlDataReader.NextResult(Boolean async, Boolean isConsuming, CancellationToken cancellationToken)
   at Npgsql.NpgsqlCommand.ExecuteReader(Boolean async, CommandBehavior behavior, CancellationToken cancellationToken)
   at Npgsql.NpgsqlCommand.ExecuteReader(Boolean async, CommandBehavior behavior, CancellationToken cancellationToken)
   at Npgsql.NpgsqlCommand.ExecuteNonQuery(Boolean async, CancellationToken cancellationToken)
   at Harvestry.Telemetry.IntegrationTests.IntegrationTestBase.RunMigrationFilesAsync(NpgsqlConnection connection, String folder) in /Users/brandonburnette/Downloads/Harvestry_App/tests/backend/services/telemetry-controls/telemetry/TelemetryIntegrationTests/IntegrationTestBase.cs:line 178
   at Harvestry.Telemetry.IntegrationTests.IntegrationTestBase.RunMigrationFilesAsync(NpgsqlConnection connection, String folder) in /Users/brandonburnette/Downloads/Harvestry_App/tests/backend/services/telemetry-controls/telemetry/TelemetryIntegrationTests/IntegrationTestBase.cs:line 178
   at Harvestry.Telemetry.IntegrationTests.IntegrationTestBase.EnsureTelemetrySchemaAsync(NpgsqlConnection connection) in /Users/brandonburnette/Downloads/Harvestry_App/tests/backend/services/telemetry-controls/telemetry/TelemetryIntegrationTests/IntegrationTestBase.cs:line 150
   at Harvestry.Telemetry.IntegrationTests.IntegrationTestBase.EnsureTelemetrySchemaAsync(NpgsqlConnection connection) in /Users/brandonburnette/Downloads/Harvestry_App/tests/backend/services/telemetry-controls/telemetry/TelemetryIntegrationTests/IntegrationTestBase.cs:line 156
   at Harvestry.Telemetry.IntegrationTests.IntegrationTestBase.InitializeAsync() in /Users/brandonburnette/Downloads/Harvestry_App/tests/backend/services/telemetry-controls/telemetry/TelemetryIntegrationTests/IntegrationTestBase.cs:line 106
   at Harvestry.Telemetry.IntegrationTests.IntegrationTestBase.InitializeAsync() in /Users/brandonburnette/Downloads/Harvestry_App/tests/backend/services/telemetry-controls/telemetry/TelemetryIntegrationTests/IntegrationTestBase.cs:line 106</StackTrace>
        </ErrorInfo>
      </Output>
    </UnitTestResult>
  </Results>
  <TestDefinitions>
    <UnitTest name="Harvestry.Telemetry.IntegrationTests.IngestionAndRollupTests.IngestBatch_PersistsRawReadings_And_RollupsQueryable" storage="/users/brandonburnette/downloads/harvestry_app/tests/backend/services/telemetry-controls/telemetry/telemetryintegrationtests/bin/debug/net8.0/harvestry.telemetry.integrationtests.dll" id="599562c5-0889-c728-1b8c-8a0a35dcd744">
      <Execution id="7d99b21a-5d6d-4ae0-aff4-d6bdc7fce5ce" />
      <TestMethod codeBase="/Users/brandonburnette/Downloads/Harvestry_App/tests/backend/services/telemetry-controls/telemetry/TelemetryIntegrationTests/bin/Debug/net8.0/Harvestry.Telemetry.IntegrationTests.dll" adapterTypeName="executor://xunit/VsTestRunner2/netcoreapp" className="Harvestry.Telemetry.IntegrationTests.IngestionAndRollupTests" name="IngestBatch_PersistsRawReadings_And_RollupsQueryable" />
    </UnitTest>
    <UnitTest name="Harvestry.Telemetry.IntegrationTests.AlertEvaluationTests.ThresholdAbove_FiresAndAcknowledgesAlert" storage="/users/brandonburnette/downloads/harvestry_app/tests/backend/services/telemetry-controls/telemetry/telemetryintegrationtests/bin/debug/net8.0/harvestry.telemetry.integrationtests.dll" id="6441b91d-8985-9634-f828-03af0ba3aace">
      <Execution id="9a0fd031-d4de-434e-82f3-1c246541f888" />
      <TestMethod codeBase="/Users/brandonburnette/Downloads/Harvestry_App/tests/backend/services/telemetry-controls/telemetry/TelemetryIntegrationTests/bin/Debug/net8.0/Harvestry.Telemetry.IntegrationTests.dll" adapterTypeName="executor://xunit/VsTestRunner2/netcoreapp" className="Harvestry.Telemetry.IntegrationTests.AlertEvaluationTests" name="ThresholdAbove_FiresAndAcknowledgesAlert" />
    </UnitTest>
  </TestDefinitions>
  <TestEntries>
    <TestEntry testId="6441b91d-8985-9634-f828-03af0ba3aace" executionId="9a0fd031-d4de-434e-82f3-1c246541f888" testListId="8c84fa94-04c1-424b-9868-57a2d4851a1d" />
    <TestEntry testId="599562c5-0889-c728-1b8c-8a0a35dcd744" executionId="7d99b21a-5d6d-4ae0-aff4-d6bdc7fce5ce" testListId="8c84fa94-04c1-424b-9868-57a2d4851a1d" />
  </TestEntries>
  <TestLists>
    <TestList name="Results Not in a List" id="8c84fa94-04c1-424b-9868-57a2d4851a1d" />
    <TestList name="All Loaded Results" id="19431567-8539-422a-85d7-44ee4e166bda" />
  </TestLists>
  <ResultSummary outcome="Failed">
    <Counters total="2" executed="2" passed="0" failed="2" error="0" timeout="0" aborted="0" inconclusive="0" passedButRunAborted="0" notRunnable="0" notExecuted="0" disconnected="0" warning="0" completed="0" inProgress="0" pending="0" />
    <Output>
      <StdOut>[xUnit.net 00:00:00.00] xUnit.net VSTest Adapter v2.5.4.1+b9eacec401 (64-bit .NET 8.0.10)
[xUnit.net 00:00:00.06]   Discovering: Harvestry.Telemetry.IntegrationTests
[xUnit.net 00:00:00.08]   Discovered:  Harvestry.Telemetry.IntegrationTests
[xUnit.net 00:00:00.08]   Starting:    Harvestry.Telemetry.IntegrationTests
[xUnit.net 00:00:00.38]       Npgsql.PostgresException : 42704: role "authenticated" does not exist
[xUnit.net 00:00:00.38]       Stack Trace:
[xUnit.net 00:00:00.38]            at Npgsql.Internal.NpgsqlConnector.ReadMessageLong(Boolean async, DataRowLoadingMode dataRowLoadingMode, Boolean readingNotifications, Boolean isReadingPrependedMessage)
[xUnit.net 00:00:00.38]            at System.Runtime.CompilerServices.PoolingAsyncValueTaskMethodBuilder`1.StateMachineBox`1.System.Threading.Tasks.Sources.IValueTaskSource&lt;TResult&gt;.GetResult(Int16 token)
[xUnit.net 00:00:00.38]            at Npgsql.NpgsqlDataReader.NextResult(Boolean async, Boolean isConsuming, CancellationToken cancellationToken)
[xUnit.net 00:00:00.38]            at Npgsql.NpgsqlDataReader.NextResult(Boolean async, Boolean isConsuming, CancellationToken cancellationToken)
[xUnit.net 00:00:00.38]            at Npgsql.NpgsqlCommand.ExecuteReader(Boolean async, CommandBehavior behavior, CancellationToken cancellationToken)
[xUnit.net 00:00:00.38]            at Npgsql.NpgsqlCommand.ExecuteReader(Boolean async, CommandBehavior behavior, CancellationToken cancellationToken)
[xUnit.net 00:00:00.38]            at Npgsql.NpgsqlCommand.ExecuteNonQuery(Boolean async, CancellationToken cancellationToken)
[xUnit.net 00:00:00.38]         /Users/brandonburnette/Downloads/Harvestry_App/tests/backend/services/telemetry-controls/telemetry/TelemetryIntegrationTests/IntegrationTestBase.cs(178,0): at Harvestry.Telemetry.IntegrationTests.IntegrationTestBase.RunMigrationFilesAsync(NpgsqlConnection connection, String folder)
[xUnit.net 00:00:00.38]         /Users/brandonburnette/Downloads/Harvestry_App/tests/backend/services/telemetry-controls/telemetry/TelemetryIntegrationTests/IntegrationTestBase.cs(178,0): at Harvestry.Telemetry.IntegrationTests.IntegrationTestBase.RunMigrationFilesAsync(NpgsqlConnection connection, String folder)
[xUnit.net 00:00:00.38]         /Users/brandonburnette/Downloads/Harvestry_App/tests/backend/services/telemetry-controls/telemetry/TelemetryIntegrationTests/IntegrationTestBase.cs(150,0): at Harvestry.Telemetry.IntegrationTests.IntegrationTestBase.EnsureTelemetrySchemaAsync(NpgsqlConnection connection)
[xUnit.net 00:00:00.38]         /Users/brandonburnette/Downloads/Harvestry_App/tests/backend/services/telemetry-controls/telemetry/TelemetryIntegrationTests/IntegrationTestBase.cs(156,0): at Harvestry.Telemetry.IntegrationTests.IntegrationTestBase.EnsureTelemetrySchemaAsync(NpgsqlConnection connection)
[xUnit.net 00:00:00.38]         /Users/brandonburnette/Downloads/Harvestry_App/tests/backend/services/telemetry-controls/telemetry/TelemetryIntegrationTests/IntegrationTestBase.cs(106,0): at Harvestry.Telemetry.IntegrationTests.IntegrationTestBase.InitializeAsync()
[xUnit.net 00:00:00.38]         /Users/brandonburnette/Downloads/Harvestry_App/tests/backend/services/telemetry-controls/telemetry/TelemetryIntegrationTests/IntegrationTestBase.cs(106,0): at Harvestry.Telemetry.IntegrationTests.IntegrationTestBase.InitializeAsync()
[xUnit.net 00:00:00.41]       Npgsql.PostgresException : 42704: role "authenticated" does not exist
[xUnit.net 00:00:00.41]       Stack Trace:
[xUnit.net 00:00:00.41]            at Npgsql.Internal.NpgsqlConnector.ReadMessageLong(Boolean async, DataRowLoadingMode dataRowLoadingMode, Boolean readingNotifications, Boolean isReadingPrependedMessage)
[xUnit.net 00:00:00.41]            at System.Runtime.CompilerServices.PoolingAsyncValueTaskMethodBuilder`1.StateMachineBox`1.System.Threading.Tasks.Sources.IValueTaskSource&lt;TResult&gt;.GetResult(Int16 token)
[xUnit.net 00:00:00.41]            at Npgsql.NpgsqlDataReader.NextResult(Boolean async, Boolean isConsuming, CancellationToken cancellationToken)
[xUnit.net 00:00:00.41]            at Npgsql.NpgsqlDataReader.NextResult(Boolean async, Boolean isConsuming, CancellationToken cancellationToken)
[xUnit.net 00:00:00.41]            at Npgsql.NpgsqlCommand.ExecuteReader(Boolean async, CommandBehavior behavior, CancellationToken cancellationToken)
[xUnit.net 00:00:00.41]            at Npgsql.NpgsqlCommand.ExecuteReader(Boolean async, CommandBehavior behavior, CancellationToken cancellationToken)
[xUnit.net 00:00:00.41]            at Npgsql.NpgsqlCommand.ExecuteNonQuery(Boolean async, CancellationToken cancellationToken)
[xUnit.net 00:00:00.41]         /Users/brandonburnette/Downloads/Harvestry_App/tests/backend/services/telemetry-controls/telemetry/TelemetryIntegrationTests/IntegrationTestBase.cs(178,0): at Harvestry.Telemetry.IntegrationTests.IntegrationTestBase.RunMigrationFilesAsync(NpgsqlConnection connection, String folder)
[xUnit.net 00:00:00.41]         /Users/brandonburnette/Downloads/Harvestry_App/tests/backend/services/telemetry-controls/telemetry/TelemetryIntegrationTests/IntegrationTestBase.cs(178,0): at Harvestry.Telemetry.IntegrationTests.IntegrationTestBase.RunMigrationFilesAsync(NpgsqlConnection connection, String folder)
[xUnit.net 00:00:00.41]         /Users/brandonburnette/Downloads/Harvestry_App/tests/backend/services/telemetry-controls/telemetry/TelemetryIntegrationTests/IntegrationTestBase.cs(150,0): at Harvestry.Telemetry.IntegrationTests.IntegrationTestBase.EnsureTelemetrySchemaAsync(NpgsqlConnection connection)
[xUnit.net 00:00:00.41]         /Users/brandonburnette/Downloads/Harvestry_App/tests/backend/services/telemetry-controls/telemetry/TelemetryIntegrationTests/IntegrationTestBase.cs(156,0): at Harvestry.Telemetry.IntegrationTests.IntegrationTestBase.EnsureTelemetrySchemaAsync(NpgsqlConnection connection)
[xUnit.net 00:00:00.41]         /Users/brandonburnette/Downloads/Harvestry_App/tests/backend/services/telemetry-controls/telemetry/TelemetryIntegrationTests/IntegrationTestBase.cs(106,0): at Harvestry.Telemetry.IntegrationTests.IntegrationTestBase.InitializeAsync()
[xUnit.net 00:00:00.41]         /Users/brandonburnette/Downloads/Harvestry_App/tests/backend/services/telemetry-controls/telemetry/TelemetryIntegrationTests/IntegrationTestBase.cs(106,0): at Harvestry.Telemetry.IntegrationTests.IntegrationTestBase.InitializeAsync()
[xUnit.net 00:00:00.41]   Finished:    Harvestry.Telemetry.IntegrationTests
</StdOut>
    </Output>
    <RunInfos>
      <RunInfo computerName="Brandons-MacBook-Pro" outcome="Error" timestamp="2025-10-03T14:19:21.5379610-05:00">
        <Text>[xUnit.net 00:00:00.38]     Harvestry.Telemetry.IntegrationTests.AlertEvaluationTests.ThresholdAbove_FiresAndAcknowledgesAlert [FAIL]</Text>
      </RunInfo>
      <RunInfo computerName="Brandons-MacBook-Pro" outcome="Error" timestamp="2025-10-03T14:19:21.5659110-05:00">
        <Text>[xUnit.net 00:00:00.41]     Harvestry.Telemetry.IntegrationTests.IngestionAndRollupTests.IngestBatch_PersistsRawReadings_And_RollupsQueryable [FAIL]</Text>
      </RunInfo>
    </RunInfos>
  </ResultSummary>
</TestRun>