<?xml version="1.0" encoding="utf-8"?>
<TestRun id="f3baea10-721d-4807-89b6-6b06278bedd7" name="@Brandons-MacBook-Pro 2025-10-03 14:25:07" xmlns="http://microsoft.com/schemas/VisualStudio/TeamTest/2010">
  <Times creation="2025-10-03T14:25:07.0084290-05:00" queuing="2025-10-03T14:25:07.0084290-05:00" start="2025-10-03T14:25:06.2944350-05:00" finish="2025-10-03T14:25:07.0122540-05:00" />
  <TestSettings name="default" id="e72f92c0-0a21-43b7-b7c9-f929f79fd067">
    <Deployment runDeploymentRoot="_Brandons-MacBook-Pro_2025-10-03_14_25_07" />
  </TestSettings>
  <Results>
    <UnitTestResult executionId="549e2873-3696-4cd1-8ad1-6c6c1f8959b0" testId="599562c5-0889-c728-1b8c-8a0a35dcd744" testName="Harvestry.Telemetry.IntegrationTests.IngestionAndRollupTests.IngestBatch_PersistsRawReadings_And_RollupsQueryable" computerName="Brandons-MacBook-Pro" duration="00:00:00.0010000" startTime="2025-10-03T14:25:06.9454840-05:00" endTime="2025-10-03T14:25:06.9455010-05:00" testType="13cdc9d9-ddb5-4fa4-a97d-d965ccfc6d4b" outcome="Failed" testListId="8c84fa94-04c1-424b-9868-57a2d4851a1d" relativeResultsDirectory="549e2873-3696-4cd1-8ad1-6c6c1f8959b0">
      <Output>
        <ErrorInfo>
          <Message>Npgsql.PostgresException : 0A000: invalid continuous aggregate view

DETAIL: Detail redacted as it may contain sensitive data. Specify 'Include Error Detail' in the connection string to include this information.</Message>
          <StackTrace>   at Npgsql.Internal.NpgsqlConnector.ReadMessageLong(Boolean async, DataRowLoadingMode dataRowLoadingMode, Boolean readingNotifications, Boolean isReadingPrependedMessage)
   at System.Runtime.CompilerServices.PoolingAsyncValueTaskMethodBuilder`1.StateMachineBox`1.System.Threading.Tasks.Sources.IValueTaskSource&lt;TResult&gt;.GetResult(Int16 token)
   at Npgsql.NpgsqlDataReader.NextResult(Boolean async, Boolean isConsuming, CancellationToken cancellationToken)
   at Npgsql.NpgsqlDataReader.NextResult(Boolean async, Boolean isConsuming, CancellationToken cancellationToken)
   at Npgsql.NpgsqlCommand.ExecuteReader(Boolean async, CommandBehavior behavior, CancellationToken cancellationToken)
   at Npgsql.NpgsqlCommand.ExecuteReader(Boolean async, CommandBehavior behavior, CancellationToken cancellationToken)
   at Npgsql.NpgsqlCommand.ExecuteNonQuery(Boolean async, CancellationToken cancellationToken)
   at Harvestry.Telemetry.IntegrationTests.IntegrationTestBase.EnsureTelemetrySchemaAsync(NpgsqlConnection connection) in /Users/brandonburnette/Downloads/Harvestry_App/tests/backend/services/telemetry-controls/telemetry/TelemetryIntegrationTests/IntegrationTestBase.cs:line 162
   at Harvestry.Telemetry.IntegrationTests.IntegrationTestBase.EnsureTelemetrySchemaAsync(NpgsqlConnection connection) in /Users/brandonburnette/Downloads/Harvestry_App/tests/backend/services/telemetry-controls/telemetry/TelemetryIntegrationTests/IntegrationTestBase.cs:line 162
   at Harvestry.Telemetry.IntegrationTests.IntegrationTestBase.EnsureTelemetrySchemaAsync(NpgsqlConnection connection) in /Users/brandonburnette/Downloads/Harvestry_App/tests/backend/services/telemetry-controls/telemetry/TelemetryIntegrationTests/IntegrationTestBase.cs:line 164
   at Harvestry.Telemetry.IntegrationTests.IntegrationTestBase.EnsureTelemetrySchemaAsync(NpgsqlConnection connection) in /Users/brandonburnette/Downloads/Harvestry_App/tests/backend/services/telemetry-controls/telemetry/TelemetryIntegrationTests/IntegrationTestBase.cs:line 165
   at Harvestry.Telemetry.IntegrationTests.IntegrationTestBase.InitializeAsync() in /Users/brandonburnette/Downloads/Harvestry_App/tests/backend/services/telemetry-controls/telemetry/TelemetryIntegrationTests/IntegrationTestBase.cs:line 107
   at Harvestry.Telemetry.IntegrationTests.IntegrationTestBase.InitializeAsync() in /Users/brandonburnette/Downloads/Harvestry_App/tests/backend/services/telemetry-controls/telemetry/TelemetryIntegrationTests/IntegrationTestBase.cs:line 107</StackTrace>
        </ErrorInfo>
      </Output>
    </UnitTestResult>
  </Results>
  <TestDefinitions>
    <UnitTest name="Harvestry.Telemetry.IntegrationTests.IngestionAndRollupTests.IngestBatch_PersistsRawReadings_And_RollupsQueryable" storage="/users/brandonburnette/downloads/harvestry_app/tests/backend/services/telemetry-controls/telemetry/telemetryintegrationtests/bin/debug/net8.0/harvestry.telemetry.integrationtests.dll" id="599562c5-0889-c728-1b8c-8a0a35dcd744">
      <Execution id="549e2873-3696-4cd1-8ad1-6c6c1f8959b0" />
      <TestMethod codeBase="/Users/brandonburnette/Downloads/Harvestry_App/tests/backend/services/telemetry-controls/telemetry/TelemetryIntegrationTests/bin/Debug/net8.0/Harvestry.Telemetry.IntegrationTests.dll" adapterTypeName="executor://xunit/VsTestRunner2/netcoreapp" className="Harvestry.Telemetry.IntegrationTests.IngestionAndRollupTests" name="IngestBatch_PersistsRawReadings_And_RollupsQueryable" />
    </UnitTest>
  </TestDefinitions>
  <TestEntries>
    <TestEntry testId="599562c5-0889-c728-1b8c-8a0a35dcd744" executionId="549e2873-3696-4cd1-8ad1-6c6c1f8959b0" testListId="8c84fa94-04c1-424b-9868-57a2d4851a1d" />
  </TestEntries>
  <TestLists>
    <TestList name="Results Not in a List" id="8c84fa94-04c1-424b-9868-57a2d4851a1d" />
    <TestList name="All Loaded Results" id="19431567-8539-422a-85d7-44ee4e166bda" />
  </TestLists>
  <ResultSummary outcome="Failed">
    <Counters total="1" executed="1" passed="0" failed="1" error="0" timeout="0" aborted="0" inconclusive="0" passedButRunAborted="0" notRunnable="0" notExecuted="0" disconnected="0" warning="0" completed="0" inProgress="0" pending="0" />
    <Output>
      <StdOut>[xUnit.net 00:00:00.00] xUnit.net VSTest Adapter v2.5.4.1+b9eacec401 (64-bit .NET 8.0.10)
[xUnit.net 00:00:00.05]   Discovering: Harvestry.Telemetry.IntegrationTests
[xUnit.net 00:00:00.07]   Discovered:  Harvestry.Telemetry.IntegrationTests
[xUnit.net 00:00:00.08]   Starting:    Harvestry.Telemetry.IntegrationTests
[xUnit.net 00:00:00.38]       Npgsql.PostgresException : 0A000: invalid continuous aggregate view
[xUnit.net 00:00:00.38]       
[xUnit.net 00:00:00.38]       DETAIL: Detail redacted as it may contain sensitive data. Specify 'Include Error Detail' in the connection string to include this information.
[xUnit.net 00:00:00.38]       Stack Trace:
[xUnit.net 00:00:00.38]            at Npgsql.Internal.NpgsqlConnector.ReadMessageLong(Boolean async, DataRowLoadingMode dataRowLoadingMode, Boolean readingNotifications, Boolean isReadingPrependedMessage)
[xUnit.net 00:00:00.38]            at System.Runtime.CompilerServices.PoolingAsyncValueTaskMethodBuilder`1.StateMachineBox`1.System.Threading.Tasks.Sources.IValueTaskSource&lt;TResult&gt;.GetResult(Int16 token)
[xUnit.net 00:00:00.38]            at Npgsql.NpgsqlDataReader.NextResult(Boolean async, Boolean isConsuming, CancellationToken cancellationToken)
[xUnit.net 00:00:00.38]            at Npgsql.NpgsqlDataReader.NextResult(Boolean async, Boolean isConsuming, CancellationToken cancellationToken)
[xUnit.net 00:00:00.38]            at Npgsql.NpgsqlCommand.ExecuteReader(Boolean async, CommandBehavior behavior, CancellationToken cancellationToken)
[xUnit.net 00:00:00.38]            at Npgsql.NpgsqlCommand.ExecuteReader(Boolean async, CommandBehavior behavior, CancellationToken cancellationToken)
[xUnit.net 00:00:00.38]            at Npgsql.NpgsqlCommand.ExecuteNonQuery(Boolean async, CancellationToken cancellationToken)
[xUnit.net 00:00:00.38]         /Users/brandonburnette/Downloads/Harvestry_App/tests/backend/services/telemetry-controls/telemetry/TelemetryIntegrationTests/IntegrationTestBase.cs(162,0): at Harvestry.Telemetry.IntegrationTests.IntegrationTestBase.EnsureTelemetrySchemaAsync(NpgsqlConnection connection)
[xUnit.net 00:00:00.38]         /Users/brandonburnette/Downloads/Harvestry_App/tests/backend/services/telemetry-controls/telemetry/TelemetryIntegrationTests/IntegrationTestBase.cs(162,0): at Harvestry.Telemetry.IntegrationTests.IntegrationTestBase.EnsureTelemetrySchemaAsync(NpgsqlConnection connection)
[xUnit.net 00:00:00.38]         /Users/brandonburnette/Downloads/Harvestry_App/tests/backend/services/telemetry-controls/telemetry/TelemetryIntegrationTests/IntegrationTestBase.cs(164,0): at Harvestry.Telemetry.IntegrationTests.IntegrationTestBase.EnsureTelemetrySchemaAsync(NpgsqlConnection connection)
[xUnit.net 00:00:00.38]         /Users/brandonburnette/Downloads/Harvestry_App/tests/backend/services/telemetry-controls/telemetry/TelemetryIntegrationTests/IntegrationTestBase.cs(165,0): at Harvestry.Telemetry.IntegrationTests.IntegrationTestBase.EnsureTelemetrySchemaAsync(NpgsqlConnection connection)
[xUnit.net 00:00:00.38]         /Users/brandonburnette/Downloads/Harvestry_App/tests/backend/services/telemetry-controls/telemetry/TelemetryIntegrationTests/IntegrationTestBase.cs(107,0): at Harvestry.Telemetry.IntegrationTests.IntegrationTestBase.InitializeAsync()
[xUnit.net 00:00:00.38]         /Users/brandonburnette/Downloads/Harvestry_App/tests/backend/services/telemetry-controls/telemetry/TelemetryIntegrationTests/IntegrationTestBase.cs(107,0): at Harvestry.Telemetry.IntegrationTests.IntegrationTestBase.InitializeAsync()
[xUnit.net 00:00:00.38]   Finished:    Harvestry.Telemetry.IntegrationTests
</StdOut>
    </Output>
    <RunInfos>
      <RunInfo computerName="Brandons-MacBook-Pro" outcome="Error" timestamp="2025-10-03T14:25:06.9443700-05:00">
        <Text>[xUnit.net 00:00:00.38]     Harvestry.Telemetry.IntegrationTests.IngestionAndRollupTests.IngestBatch_PersistsRawReadings_And_RollupsQueryable [FAIL]</Text>
      </RunInfo>
    </RunInfos>
  </ResultSummary>
</TestRun>